<?xml version="1.0" encoding="UTF-8"?>
<testng-results ignored="0" total="8" passed="7" failed="1" skipped="0">
  <reporter-output>
  </reporter-output>
  <suite started-at="2025-07-01T13:21:43 IST" name="Open Cart Test Regression Playwright Suite" finished-at="2025-07-01T13:22:03 IST" duration-ms="19985">
    <groups>
    </groups>
    <test started-at="2025-07-01T13:21:43 IST" name="Open Cart Login Page Test_chrome" finished-at="2025-07-01T13:22:01 IST" duration-ms="17929">
      <class name="com.qa.opencart.tests.LoginPageTest">
        <test-method is-config="true" signature="setUp()[pri:0, instance:com.qa.opencart.tests.LoginPageTest@53f3bdbd]" started-at="2025-07-01T13:21:43 IST" name="setUp" finished-at="2025-07-01T13:21:58 IST" duration-ms="14881" status="PASS">
          <reporter-output>
          </reporter-output>
        </test-method> <!-- setUp -->
        <test-method signature="loginPageTitleTest()[pri:1, instance:com.qa.opencart.tests.LoginPageTest@53f3bdbd]" started-at="2025-07-01T13:21:58 IST" name="loginPageTitleTest" finished-at="2025-07-01T13:21:59 IST" duration-ms="730" status="PASS">
          <reporter-output>
          </reporter-output>
        </test-method> <!-- loginPageTitleTest -->
        <test-method signature="forgotPasswordLinkExistsTest()[pri:2, instance:com.qa.opencart.tests.LoginPageTest@53f3bdbd]" started-at="2025-07-01T13:21:59 IST" name="forgotPasswordLinkExistsTest" finished-at="2025-07-01T13:21:59 IST" duration-ms="12" status="PASS">
          <reporter-output>
          </reporter-output>
        </test-method> <!-- forgotPasswordLinkExistsTest -->
        <test-method signature="appLoginTest()[pri:3, instance:com.qa.opencart.tests.LoginPageTest@53f3bdbd]" started-at="2025-07-01T13:21:59 IST" name="appLoginTest" finished-at="2025-07-01T13:22:00 IST" duration-ms="1160" status="FAIL">
          <exception class="java.lang.AssertionError">
            <message>
              <![CDATA[expected [true] but found [false]]]>
            </message>
            <full-stacktrace>
              <![CDATA[java.lang.AssertionError: expected [true] but found [false]
at org.testng.Assert.fail(Assert.java:111)
at org.testng.Assert.failNotEquals(Assert.java:1590)
at org.testng.Assert.assertTrue(Assert.java:57)
at org.testng.Assert.assertTrue(Assert.java:67)
at com.qa.opencart.tests.LoginPageTest.appLoginTest(LoginPageTest.java:26)
at java.base/jdk.internal.reflect.DirectMethodHandleAccessor.invoke(DirectMethodHandleAccessor.java:103)
at java.base/java.lang.reflect.Method.invoke(Method.java:580)
at org.testng.internal.invokers.MethodInvocationHelper.invokeMethod(MethodInvocationHelper.java:141)
at org.testng.internal.invokers.TestInvoker.invokeMethod(TestInvoker.java:687)
at org.testng.internal.invokers.TestInvoker.invokeTestMethod(TestInvoker.java:230)
at org.testng.internal.invokers.MethodRunner.runInSequence(MethodRunner.java:63)
at org.testng.internal.invokers.TestInvoker$MethodInvocationAgent.invoke(TestInvoker.java:995)
at org.testng.internal.invokers.TestInvoker.invokeTestMethods(TestInvoker.java:203)
at org.testng.internal.invokers.TestMethodWorker.invokeTestMethods(TestMethodWorker.java:154)
at org.testng.internal.invokers.TestMethodWorker.run(TestMethodWorker.java:134)
at java.base/java.util.ArrayList.forEach(ArrayList.java:1596)
at org.testng.TestRunner.privateRun(TestRunner.java:741)
at org.testng.TestRunner.run(TestRunner.java:616)
at org.testng.SuiteRunner.runTest(SuiteRunner.java:421)
at org.testng.SuiteRunner$SuiteWorker.run(SuiteRunner.java:463)
at org.testng.internal.thread.ThreadUtil.lambda$execute$0(ThreadUtil.java:64)
at java.base/java.util.concurrent.FutureTask.run(FutureTask.java:317)
at java.base/java.util.concurrent.ThreadPoolExecutor.runWorker(ThreadPoolExecutor.java:1144)
at java.base/java.util.concurrent.ThreadPoolExecutor$Worker.run(ThreadPoolExecutor.java:642)
at java.base/java.lang.Thread.run(Thread.java:1583)
]]>
            </full-stacktrace>
          </exception> <!-- java.lang.AssertionError -->
          <reporter-output>
          </reporter-output>
        </test-method> <!-- appLoginTest -->
        <test-method is-config="true" signature="tearDown()[pri:0, instance:com.qa.opencart.tests.LoginPageTest@53f3bdbd]" started-at="2025-07-01T13:22:01 IST" name="tearDown" finished-at="2025-07-01T13:22:01 IST" duration-ms="285" status="PASS">
          <reporter-output>
          </reporter-output>
        </test-method> <!-- tearDown -->
      </class> <!-- com.qa.opencart.tests.LoginPageTest -->
    </test> <!-- Open Cart Login Page Test_chrome -->
    <test started-at="2025-07-01T13:21:43 IST" name="Open Cart Home Page Test_chrome" finished-at="2025-07-01T13:22:03 IST" duration-ms="19985">
      <class name="com.qa.opencart.tests.HomePageTest">
        <test-method is-config="true" signature="setUp()[pri:0, instance:com.qa.opencart.tests.HomePageTest@9816741]" started-at="2025-07-01T13:21:43 IST" name="setUp" finished-at="2025-07-01T13:21:58 IST" duration-ms="14955" status="PASS">
          <reporter-output>
          </reporter-output>
        </test-method> <!-- setUp -->
        <test-method signature="homePageTitleTest()[pri:1, instance:com.qa.opencart.tests.HomePageTest@9816741]" started-at="2025-07-01T13:21:58 IST" name="homePageTitleTest" finished-at="2025-07-01T13:21:58 IST" duration-ms="31" status="PASS">
          <reporter-output>
          </reporter-output>
        </test-method> <!-- homePageTitleTest -->
        <test-method signature="homePageUrlTest()[pri:2, instance:com.qa.opencart.tests.HomePageTest@9816741]" started-at="2025-07-01T13:21:58 IST" name="homePageUrlTest" finished-at="2025-07-01T13:21:58 IST" duration-ms="2" status="PASS">
          <reporter-output>
          </reporter-output>
        </test-method> <!-- homePageUrlTest -->
        <test-method signature="homePageSearchTest(java.lang.String)[pri:3, instance:com.qa.opencart.tests.HomePageTest@9816741]" started-at="2025-07-01T13:21:59 IST" name="homePageSearchTest" data-provider="getProductData" finished-at="2025-07-01T13:22:00 IST" duration-ms="949" status="PASS">
          <params>
            <param index="0">
              <value>
                <![CDATA[Macbook]]>
              </value>
            </param>
          </params>
          <reporter-output>
          </reporter-output>
        </test-method> <!-- homePageSearchTest -->
        <test-method signature="homePageSearchTest(java.lang.String)[pri:3, instance:com.qa.opencart.tests.HomePageTest@9816741]" started-at="2025-07-01T13:22:00 IST" name="homePageSearchTest" data-provider="getProductData" finished-at="2025-07-01T13:22:01 IST" duration-ms="1055" status="PASS">
          <params>
            <param index="0">
              <value>
                <![CDATA[iMac]]>
              </value>
            </param>
          </params>
          <reporter-output>
          </reporter-output>
        </test-method> <!-- homePageSearchTest -->
        <test-method signature="homePageSearchTest(java.lang.String)[pri:3, instance:com.qa.opencart.tests.HomePageTest@9816741]" started-at="2025-07-01T13:22:02 IST" name="homePageSearchTest" data-provider="getProductData" finished-at="2025-07-01T13:22:02 IST" duration-ms="908" status="PASS">
          <params>
            <param index="0">
              <value>
                <![CDATA[Samsung]]>
              </value>
            </param>
          </params>
          <reporter-output>
          </reporter-output>
        </test-method> <!-- homePageSearchTest -->
        <test-method is-config="true" signature="tearDown()[pri:0, instance:com.qa.opencart.tests.HomePageTest@9816741]" started-at="2025-07-01T13:22:03 IST" name="tearDown" finished-at="2025-07-01T13:22:03 IST" duration-ms="289" status="PASS">
          <reporter-output>
          </reporter-output>
        </test-method> <!-- tearDown -->
      </class> <!-- com.qa.opencart.tests.HomePageTest -->
    </test> <!-- Open Cart Home Page Test_chrome -->
  </suite> <!-- Open Cart Test Regression Playwright Suite -->
</testng-results>
